00000000 PRG 2022-12-05 19:31:44.498  6787  6787 "Loading plugin /opt/HPCCSystems/8.6.2/clienttools/plugins/libworkunitservices.so[lib_WORKUNITSERVICES] version = WORKUNITSERVICES 1.0.2"
00000001 PRG 2022-12-05 19:31:44.499  6787  6787 "Loading library /opt/HPCCSystems/8.6.2/clienttools/plugins/lib_redis.ecllib"
00000002 PRG 2022-12-05 19:31:44.499  6787  6787 "Loading library /opt/HPCCSystems/8.6.2/clienttools/plugins/R.ecllib"
00000003 PRG 2022-12-05 19:31:44.506  6787  6787 "Loading library /opt/HPCCSystems/8.6.2/clienttools/plugins/lib_h3.ecllib"
00000004 PRG 2022-12-05 19:31:44.506  6787  6787 "Loading plugin /opt/HPCCSystems/8.6.2/clienttools/plugins/libtimelib.so[lib_timelib] version = TIMELIB 1.0.0"
00000005 PRG 2022-12-05 19:31:44.506  6787  6787 "Loading plugin /opt/HPCCSystems/8.6.2/clienttools/plugins/liblogging.so[lib_logging] version = LOGGING 1.0.1"
00000006 PRG 2022-12-05 19:31:44.507  6787  6787 "Loading plugin /opt/HPCCSystems/8.6.2/clienttools/plugins/libunicodelib.so[lib_unicodelib] version = UNICODELIB 1.1.06"
00000007 PRG 2022-12-05 19:31:44.507  6787  6787 "Loading library /opt/HPCCSystems/8.6.2/clienttools/plugins/mysql.ecllib"
00000008 PRG 2022-12-05 19:31:44.507  6787  6787 "Loading library /opt/HPCCSystems/8.6.2/clienttools/plugins/lib_metaphone.ecllib"
00000009 PRG 2022-12-05 19:31:44.507  6787  6787 "Loading plugin /opt/HPCCSystems/8.6.2/clienttools/plugins/libdebugservices.so[lib_debugservices] version = DEBUGSERVICES 1.0.1"
0000000A PRG 2022-12-05 19:31:44.507  6787  6787 "Loading library /opt/HPCCSystems/8.6.2/clienttools/plugins/lib_fileservices.ecllib"
0000000B PRG 2022-12-05 19:31:44.507  6787  6787 "Loading library /opt/HPCCSystems/8.6.2/clienttools/plugins/lib_eclblas.ecllib"
0000000C PRG 2022-12-05 19:31:44.507  6787  6787 "Loading library /opt/HPCCSystems/8.6.2/clienttools/plugins/kafka.ecllib"
0000000D PRG 2022-12-05 19:31:44.507  6787  6787 "Loading library /opt/HPCCSystems/8.6.2/clienttools/plugins/lib_word.ecllib"
0000000E PRG 2022-12-05 19:31:44.508  6787  6787 "Loading plugin /opt/HPCCSystems/8.6.2/clienttools/plugins/libparselib.so[lib_parselib] version = PARSELIB 1.0.1"
0000000F PRG 2022-12-05 19:31:44.508  6787  6787 "Loading library /opt/HPCCSystems/8.6.2/clienttools/plugins/lib_nlp.ecllib"
00000010 PRG 2022-12-05 19:31:44.508  6787  6787 "Loading plugin /opt/HPCCSystems/8.6.2/clienttools/plugins/libstringlib.so[lib_stringlib] version = STRINGLIB 1.1.14"
00000011 PRG 2022-12-05 19:31:44.508  6787  6787 "Loading library /opt/HPCCSystems/8.6.2/clienttools/plugins/sqlite3.ecllib"
00000012 PRG 2022-12-05 19:31:44.508  6787  6787 "Loading library /opt/HPCCSystems/8.6.2/clienttools/plugins/lib_thorlib.ecllib"
00000013 PRG 2022-12-05 19:31:44.508  6787  6787 "Loading library /opt/HPCCSystems/8.6.2/clienttools/plugins/lib_cryptolib.ecllib"
00000014 PRG 2022-12-05 19:31:44.508  6787  6787 "Loading library /opt/HPCCSystems/8.6.2/clienttools/plugins/lib_saltlib.ecllib"
00000015 PRG 2022-12-05 19:31:44.508  6787  6787 "Loading library /opt/HPCCSystems/8.6.2/clienttools/plugins/python3.ecllib"
00000016 PRG 2022-12-05 19:31:44.508  6787  6787 "Loading library /opt/HPCCSystems/8.6.2/clienttools/plugins/lib_metaphone3.ecllib"
00000017 PRG 2022-12-05 19:31:44.508  6787  6787 "Loading library /opt/HPCCSystems/8.6.2/clienttools/plugins/lib_memcached.ecllib"
00000018 PRG 2022-12-05 19:31:44.508  6787  6787 "Loading library /opt/HPCCSystems/8.6.2/clienttools/plugins/javascript.ecllib"
00000019 PRG 2022-12-05 19:31:44.508  6787  6787 "Loading plugin /opt/HPCCSystems/8.6.2/clienttools/plugins/libauditlib.so[lib_auditlib] version = AUDITLIB 1.0.1"
0000001A PRG 2022-12-05 19:31:44.509  6787  6787 "Loading library /opt/HPCCSystems/8.6.2/clienttools/plugins/java.ecllib"
0000001B PRG 2022-12-05 19:31:44.509  6787  6787 "Loading library /opt/HPCCSystems/8.6.2/clienttools/plugins/sqs.ecllib"
0000001C PRG 2022-12-05 19:31:44.509  6787  6787 "Loading library /opt/HPCCSystems/8.6.2/clienttools/plugins/couchbase.ecllib"
0000001D USR 2022-12-05 19:31:44.511  6787  6787 "WARNING: getECLPluginDefinition not found in /opt/HPCCSystems/8.6.2/clienttools/plugins/libnlp.so, unloading"
0000001E PRG 2022-12-05 19:31:44.512  6787  6787 "Loading library /opt/HPCCSystems/8.6.2/clienttools/plugins/lib_keylib.ecllib"
